This is pdfTeX, Version 3.14159265-2.6-1.40.17 (TeX Live 2016/W32TeX) (preloaded format=pdflatex 2016.10.15)  29 DEC 2016 00:29
entering extended mode
 restricted \write18 enabled.
 %&-line parsing enabled.
**./main.tex
(./main.tex
LaTeX2e <2016/03/31> patch level 3
Babel <3.9r> and hyphenation patterns for 83 language(s) loaded.
(./mitthesis.cls
Document Class: mitthesis 1999/10/20
\vithesis=\count79
(d:/Tools/texlive/2016/texmf-dist/tex/latex/base/report.cls
Document Class: report 2014/09/29 v1.4h Standard LaTeX document class
(d:/Tools/texlive/2016/texmf-dist/tex/latex/base/size12.clo
File: size12.clo 2014/09/29 v1.4h Standard LaTeX file (size option)
)
\c@part=\count80
\c@chapter=\count81
\c@section=\count82
\c@subsection=\count83
\c@subsubsection=\count84
\c@paragraph=\count85
\c@subparagraph=\count86
\c@figure=\count87
\c@table=\count88
\abovecaptionskip=\skip41
\belowcaptionskip=\skip42
\bibindent=\dimen102
)
(d:/Tools/texlive/2016/texmf-dist/tex/latex/setspace/setspace.sty
Package: setspace 2011/12/19 v6.7a set line spacing
)
Thesis document copyright MIT unless otherwise (manually) specified
\@titlesupervisor=\box26
\@abstractsupervisor=\box27
\c@savepage=\count89
) (./lgrind.sty
Package: lgrind 1997/01/30 v3.4 LGrind environment and supporting stuff
\lc@unt=\count90
\ln@xt=\count91
\LGnuminterval=\count92
\LGindent=\skip43
\LGsloppy=\skip44
\procbox=\box28
\ls@far=\box29
\tb@x=\box30
\TBw@d=\dimen103
\@ts=\dimen104
) (d:/Tools/texlive/2016/texmf-dist/tex/latex/cmap/cmap.sty
Package: cmap 2008/03/06 v1.0h CMap support: searchable PDF
)
(d:/Tools/texlive/2016/texmf-dist/tex/latex/base/fontenc.sty
Package: fontenc 2016/06/19 v1.99m Standard LaTeX package

(d:/Tools/texlive/2016/texmf-dist/tex/latex/base/t1enc.def
File: t1enc.def 2016/06/19 v1.99m Standard LaTeX file
LaTeX Font Info:    Redeclaring font encoding T1 on input line 48.
)<<t1.cmap>>)
(d:/Tools/texlive/2016/texmf-dist/tex/latex/graphics/graphicx.sty
Package: graphicx 2014/10/28 v1.0g Enhanced LaTeX Graphics (DPC,SPQR)

(d:/Tools/texlive/2016/texmf-dist/tex/latex/graphics/keyval.sty
Package: keyval 2014/10/28 v1.15 key=value parser (DPC)
\KV@toks@=\toks14
)
(d:/Tools/texlive/2016/texmf-dist/tex/latex/graphics/graphics.sty
Package: graphics 2016/07/10 v1.0t Standard LaTeX Graphics (DPC,SPQR)

(d:/Tools/texlive/2016/texmf-dist/tex/latex/graphics/trig.sty
Package: trig 2016/01/03 v1.10 sin cos tan (DPC)
)
(d:/Tools/texlive/2016/texmf-dist/tex/latex/graphics-cfg/graphics.cfg
File: graphics.cfg 2016/06/04 v1.11 sample graphics configuration
)
Package graphics Info: Driver file: pdftex.def on input line 99.

(d:/Tools/texlive/2016/texmf-dist/tex/latex/graphics-def/pdftex.def
File: pdftex.def 2016/07/10 v0.06j Graphics/color for pdfTeX

(d:/Tools/texlive/2016/texmf-dist/tex/generic/oberdiek/infwarerr.sty
Package: infwarerr 2016/05/16 v1.4 Providing info/warning/error messages (HO)
)
(d:/Tools/texlive/2016/texmf-dist/tex/generic/oberdiek/ltxcmds.sty
Package: ltxcmds 2016/05/16 v1.23 LaTeX kernel commands for general use (HO)
)
\Gread@gobject=\count93
))
\Gin@req@height=\dimen105
\Gin@req@width=\dimen106
)
(./main.aux)
\openout1 = `main.aux'.

LaTeX Font Info:    Checking defaults for OML/cmm/m/it on input line 42.
LaTeX Font Info:    ... okay on input line 42.
LaTeX Font Info:    Checking defaults for T1/cmr/m/n on input line 42.
LaTeX Font Info:    ... okay on input line 42.
LaTeX Font Info:    Checking defaults for OT1/cmr/m/n on input line 42.
LaTeX Font Info:    ... okay on input line 42.
LaTeX Font Info:    Checking defaults for OMS/cmsy/m/n on input line 42.
LaTeX Font Info:    ... okay on input line 42.
LaTeX Font Info:    Checking defaults for OMX/cmex/m/n on input line 42.
LaTeX Font Info:    ... okay on input line 42.
LaTeX Font Info:    Checking defaults for U/cmr/m/n on input line 42.
LaTeX Font Info:    ... okay on input line 42.

(d:/Tools/texlive/2016/texmf-dist/tex/context/base/mkii/supp-pdf.mkii
[Loading MPS to PDF converter (version 2006.09.02).]
\scratchcounter=\count94
\scratchdimen=\dimen107
\scratchbox=\box31
\nofMPsegments=\count95
\nofMParguments=\count96
\everyMPshowfont=\toks15
\MPscratchCnt=\count97
\MPscratchDim=\dimen108
\MPnumerator=\count98
\makeMPintoPDFobject=\count99
\everyMPtoPDFconversion=\toks16
) (d:/Tools/texlive/2016/texmf-dist/tex/generic/oberdiek/pdftexcmds.sty
Package: pdftexcmds 2016/05/21 v0.22 Utility functions of pdfTeX for LuaTeX (HO
)

(d:/Tools/texlive/2016/texmf-dist/tex/generic/oberdiek/ifluatex.sty
Package: ifluatex 2016/05/16 v1.4 Provides the ifluatex switch (HO)
Package ifluatex Info: LuaTeX not detected.
)
(d:/Tools/texlive/2016/texmf-dist/tex/generic/oberdiek/ifpdf.sty
Package: ifpdf 2016/05/14 v3.1 Provides the ifpdf switch
)
Package pdftexcmds Info: LuaTeX not detected.
Package pdftexcmds Info: \pdf@primitive is available.
Package pdftexcmds Info: \pdf@ifprimitive is available.
Package pdftexcmds Info: \pdfdraftmode found.
)
(d:/Tools/texlive/2016/texmf-dist/tex/latex/oberdiek/epstopdf-base.sty
Package: epstopdf-base 2016/05/15 v2.6 Base part for package epstopdf

(d:/Tools/texlive/2016/texmf-dist/tex/latex/oberdiek/grfext.sty
Package: grfext 2016/05/16 v1.2 Manage graphics extensions (HO)

(d:/Tools/texlive/2016/texmf-dist/tex/generic/oberdiek/kvdefinekeys.sty
Package: kvdefinekeys 2016/05/16 v1.4 Define keys (HO)
))
(d:/Tools/texlive/2016/texmf-dist/tex/latex/oberdiek/kvoptions.sty
Package: kvoptions 2016/05/16 v3.12 Key value format for package options (HO)

(d:/Tools/texlive/2016/texmf-dist/tex/generic/oberdiek/kvsetkeys.sty
Package: kvsetkeys 2016/05/16 v1.17 Key value parser (HO)

(d:/Tools/texlive/2016/texmf-dist/tex/generic/oberdiek/etexcmds.sty
Package: etexcmds 2016/05/16 v1.6 Avoid name clashes with e-TeX commands (HO)
Package etexcmds Info: Could not find \expanded.
(etexcmds)             That can mean that you are not using pdfTeX 1.50 or
(etexcmds)             that some package has redefined \expanded.
(etexcmds)             In the latter case, load this package earlier.
)))
Package epstopdf-base Info: Redefining graphics rule for `.eps' on input line 4
38.
Package grfext Info: Graphics extension search list:
(grfext)             [.png,.pdf,.jpg,.mps,.jpeg,.jbig2,.jb2,.PNG,.PDF,.JPG,.JPE
G,.JBIG2,.JB2,.eps]
(grfext)             \AppendGraphicsExtensions on input line 456.

(d:/Tools/texlive/2016/texmf-dist/tex/latex/latexconfig/epstopdf-sys.cfg
File: epstopdf-sys.cfg 2010/07/13 v1.3 Configuration of (r)epstopdf for TeX Liv
e
))
(./main.toc<<ot1.cmap>><<oml.cmap>><<oms.cmap>>
LaTeX Font Info:    External font `cmex10' loaded for size
(Font)              <12> on input line 2.
<<omx.cmap>>
LaTeX Font Info:    External font `cmex10' loaded for size
(Font)              <8> on input line 2.
LaTeX Font Info:    External font `cmex10' loaded for size
(Font)              <6> on input line 2.
 [1


{d:/Tools/texlive/2016/texmf-var/fonts/map/pdftex/updmap/pdftex.map}])
\tf@toc=\write3
\openout3 = `main.toc'.

 [2] (./main.lof)
\tf@lof=\write4
\openout4 = `main.lof'.


(./intro.tex [3

] [4

]
Chapter 1.
[5]
LaTeX Font Info:    Try loading font information for OMS+cmr on input line 13.
 (d:/Tools/texlive/2016/texmf-dist/tex/latex/base/omscmr.fd
File: omscmr.fd 2014/09/29 v2.5h Standard LaTeX font definitions
)
LaTeX Font Info:    Font shape `OMS/cmr/m/n' in size <12> not available
(Font)              Font shape `OMS/cmsy/m/n' tried instead on input line 13.
)
(./preliminaries.tex [6]
Chapter 2.
<images/microblaze_block_diagram.png, id=31, 698.61pt x 468.24937pt>
File: images/microblaze_block_diagram.png Graphic file (type png)

<use images/microblaze_block_diagram.png>
Package pdftex.def Info: images/microblaze_block_diagram.png used on input line
 12.
(pdftex.def)             Requested size: 349.30414pt x 234.1241pt.
 [7

] [8 <./images/microblaze_block_diagram.png>] [9] <images/pmodcls-product.png, 
id=45, 144.54pt x 128.6406pt>
File: images/pmodcls-product.png Graphic file (type png)

<use images/pmodcls-product.png>
Package pdftex.def Info: images/pmodcls-product.png used on input line 100.
(pdftex.def)             Requested size: 144.53963pt x 128.64027pt.
 [10]
<images/hc-06.jpg, id=49, 351.3125pt x 351.3125pt>
File: images/hc-06.jpg Graphic file (type jpg)
 <use images/hc-06.jpg>
Package pdftex.def Info: images/hc-06.jpg used on input line 122.
(pdftex.def)             Requested size: 210.78911pt x 210.78911pt.

[11 <./images/pmodcls-product.png>]
<images/nexys-3.png, id=54, 2007.5pt x 1903.11pt>
File: images/nexys-3.png Graphic file (type png)
 <use images/nexys-3.png>
Package pdftex.def Info: images/nexys-3.png used on input line 141.
(pdftex.def)             Requested size: 401.49289pt x 380.61526pt.

[12 <./images/hc-06.jpg>] [13 <./images/nexys-3.png>]
<images/nexys-3-config.png, id=63, 602.25pt x 259.97125pt>
File: images/nexys-3-config.png Graphic file (type png)

<use images/nexys-3-config.png>
Package pdftex.def Info: images/nexys-3-config.png used on input line 162.
(pdftex.def)             Requested size: 421.57211pt x 181.97862pt.

<images/android-stack.png, id=64, 1389.19pt x 2045.6425pt>
File: images/android-stack.png Graphic file (type png)

<use images/android-stack.png>
Package pdftex.def Info: images/android-stack.png used on input line 175.
(pdftex.def)             Requested size: 138.92714pt x 204.57623pt.
 [14 <./images/nexys-3-config.png>] [15 <./images/android-stack.png>]) (./chap1
.tex [16]
Chapter 3.
<images/Mblaze_Diagram_1.png, id=75, 700.6175pt x 586.19pt>
File: images/Mblaze_Diagram_1.png Graphic file (type png)

<use images/Mblaze_Diagram_1.png>
Package pdftex.def Info: images/Mblaze_Diagram_1.png used on input line 15.
(pdftex.def)             Requested size: 350.30789pt x 293.09428pt.

Underfull \vbox (badness 10000) has occurred while \output is active []

 [17

]
[18 <./images/Mblaze_Diagram_1.png>] [19]) (./main.bbl [20]) [21

] (./main.aux) ) 
Here is how much of TeX's memory you used:
 2035 strings out of 493013
 27518 string characters out of 6134238
 85342 words of memory out of 5000000
 5507 multiletter control sequences out of 15000+600000
 12550 words of font info for 31 fonts, out of 8000000 for 9000
 1141 hyphenation exceptions out of 8191
 40i,6n,25p,794b,223s stack positions out of 5000i,500n,10000p,200000b,80000s
{d:/Tools/texlive/2016/texmf-dist/fonts/enc/dvips/cm-super/cm-s
uper-t1.enc}<d:/Tools/texlive/2016/texmf-dist/fonts/type1/public/amsfonts/cm/cm
sy10.pfb><d:/Tools/texlive/2016/texmf-dist/fonts/type1/public/cm-super/sfbx1200
.pfb><d:/Tools/texlive/2016/texmf-dist/fonts/type1/public/cm-super/sfbx1440.pfb
><d:/Tools/texlive/2016/texmf-dist/fonts/type1/public/cm-super/sfbx1728.pfb><d:
/Tools/texlive/2016/texmf-dist/fonts/type1/public/cm-super/sfbx2488.pfb><d:/Too
ls/texlive/2016/texmf-dist/fonts/type1/public/cm-super/sfrm1200.pfb>
Output written on main.pdf (21 pages, 8711056 bytes).
PDF statistics:
 115 PDF objects out of 1000 (max. 8388607)
 68 compressed objects within 1 object stream
 0 named destinations out of 1000 (max. 500000)
 56 words of extra memory for PDF output out of 10000 (max. 10000000)

